<?xml version="1.0" encoding="UTF-8"?>
<!-- Generated by org.testng.reporters.JUnitReportReporter -->
<testsuite hostname="IFOCUS-PC43" name="API_VootKids.SignUp" tests="1" failures="0" timestamp="3 May 2018 12:11:12 GMT" time="29.821" errors="0">
  <testcase name="SignUp_Kids" time="29.821" classname="API_VootKids.SignUp"/>
</testsuite> <!-- API_VootKids.SignUp -->
