<?xml version="1.0" encoding="UTF-8"?>
<!-- Generated by org.testng.reporters.JUnitReportReporter -->
<testsuite hostname="IFOCUSODC-PC47" name="API_VootKids.CreatePin" tests="1" failures="0" timestamp="26 Apr 2018 14:39:21 GMT" time="40.060" errors="0">
  <testcase name="CreatePin1" time="40.060" classname="API_VootKids.CreatePin"/>
</testsuite> <!-- API_VootKids.CreatePin -->
