<?xml version="1.0" encoding="UTF-8"?>
<!-- Generated by org.testng.reporters.JUnitReportReporter -->
<testsuite skipped="0" hostname="IFOCUSODC-PC47" name="AP1_Prod.ExcelReport" tests="1" failures="0" timestamp="28 Mar 2018 12:29:01 GMT" time="1.509" errors="0">
  <testcase name="excelreport" time="1.509" classname="AP1_Prod.ExcelReport"/>
</testsuite> <!-- AP1_Prod.ExcelReport -->
