<?xml version="1.0" encoding="UTF-8"?>
<!-- Generated by org.testng.reporters.JUnitReportReporter -->
<testsuite hostname="IFOCUSODC-PC47" name="AP1_Prod.CheckMail_Prod" tests="3" failures="0" timestamp="18 Apr 2018 12:30:16 GMT" time="11.345" errors="0">
  <testcase name="checkemail_Traditional" time="3.018" classname="AP1_Prod.CheckMail_Prod"/>
  <testcase name="checkemail_Traditional" time="3.176" classname="AP1_Prod.CheckMail_Prod"/>
  <testcase name="checkemail_Traditional" time="5.151" classname="AP1_Prod.CheckMail_Prod"/>
</testsuite> <!-- AP1_Prod.CheckMail_Prod -->
