<?xml version="1.0" encoding="UTF-8"?>
<!-- Generated by org.testng.reporters.JUnitReportReporter -->
<testsuite hostname="IFOCUSODC-PC47" name="API_VootKids.UpdateProfile" tests="1" failures="0" timestamp="23 Apr 2018 11:32:38 GMT" time="33.902" errors="0">
  <testcase name="SignUp_Kids" time="33.902" classname="API_VootKids.UpdateProfile"/>
</testsuite> <!-- API_VootKids.UpdateProfile -->
