<?xml version="1.0" encoding="UTF-8"?>
<!-- Generated by org.testng.reporters.JUnitReportReporter -->
<testsuite hostname="IFOCUSODC-PC47" name="AP1_Prod.SetPassword_Prod" tests="1" failures="0" timestamp="17 Apr 2018 11:48:13 GMT" time="6.912" errors="0">
  <testcase name="SetPassword" time="6.912" classname="AP1_Prod.SetPassword_Prod"/>
</testsuite> <!-- AP1_Prod.SetPassword_Prod -->
