<?xml version="1.0" encoding="UTF-8"?>
<!-- Generated by org.testng.reporters.JUnitReportReporter -->
<testsuite hostname="IFOCUSODC-PC47" name="API_VootKids.ResetPin" tests="1" failures="0" timestamp="27 Apr 2018 12:33:39 GMT" time="7.336" errors="0">
  <testcase name="reset_Pin" time="7.336" classname="API_VootKids.ResetPin"/>
</testsuite> <!-- API_VootKids.ResetPin -->
