<?xml version="1.0" encoding="UTF-8"?>
<!-- Generated by org.testng.reporters.JUnitReportReporter -->
<testsuite hostname="IFOCUSODC-PC47" name="API_VootKids.Resetpin1" tests="1" failures="0" timestamp="26 Apr 2018 13:42:24 GMT" time="5.525" errors="0">
  <testcase name="resetpin" time="5.525" classname="API_VootKids.Resetpin1"/>
</testsuite> <!-- API_VootKids.Resetpin1 -->
