<?xml version="1.0" encoding="UTF-8"?>
<!-- Generated by org.testng.reporters.JUnitReportReporter -->
<testsuite hostname="IFOCUS-PC43" name="API_VootKids.SocialLogin" tests="1" failures="0" timestamp="3 May 2018 12:11:12 GMT" time="21.567" errors="0">
  <testcase name="Social_Login" time="21.567" classname="API_VootKids.SocialLogin"/>
</testsuite> <!-- API_VootKids.SocialLogin -->
