<?xml version="1.0" encoding="UTF-8"?>
<!-- Generated by org.testng.reporters.JUnitReportReporter -->
<testsuite hostname="IFOCUS-PC43" name="API_VootKids.CreatePin" tests="1" failures="0" timestamp="3 May 2018 12:11:12 GMT" time="48.329" errors="0">
  <testcase name="CreatePin1" time="48.329" classname="API_VootKids.CreatePin"/>
</testsuite> <!-- API_VootKids.CreatePin -->
