<?xml version="1.0" encoding="UTF-8"?>
<!-- Generated by org.testng.reporters.JUnitReportReporter -->
<testsuite hostname="IFOCUS-PC43" failures="0" tests="1" name="API_VootKids_Sprint1.Tabs" time="0.266" errors="0" timestamp="21 May 2018 05:50:51 GMT">
  <testcase classname="API_VootKids_Sprint1.Tabs" name="tabs" time="0.266"/>
</testsuite> <!-- API_VootKids_Sprint1.Tabs -->
