<?xml version="1.0" encoding="UTF-8"?>
<!-- Generated by org.testng.reporters.JUnitReportReporter -->
<testsuite hostname="IFOCUS-PC43" name="API_VootKids.Tabs" tests="1" failures="0" timestamp="11 May 2018 09:47:14 GMT" time="0.213" errors="0">
  <testcase name="tabs" time="0.213" classname="API_VootKids.Tabs"/>
</testsuite> <!-- API_VootKids.Tabs -->
