<?xml version="1.0" encoding="UTF-8"?>
<!-- Generated by org.testng.reporters.JUnitReportReporter -->
<testsuite skipped="0" hostname="IFOCUSODC-PC47" name="AP1_Prod.Authentication_Prod" tests="1" failures="0" timestamp="29 Mar 2018 06:14:32 GMT" time="3.669" errors="0">
  <testcase name="authentication_positive" time="3.669" classname="AP1_Prod.Authentication_Prod"/>
</testsuite> <!-- AP1_Prod.Authentication_Prod -->
