<?xml version="1.0" encoding="UTF-8"?>
<!-- Generated by org.testng.reporters.JUnitReportReporter -->
<testsuite hostname="IFOCUSODC-PC47" name="AP1_Prod.KUserReg_Prod" tests="1" failures="0" timestamp="17 Apr 2018 11:48:13 GMT" time="2.008" errors="0">
  <testcase name="kuserreg_positive" time="2.008" classname="AP1_Prod.KUserReg_Prod"/>
</testsuite> <!-- AP1_Prod.KUserReg_Prod -->
