<?xml version="1.0" encoding="UTF-8"?>
<!-- Generated by org.testng.reporters.JUnitReportReporter -->
<testsuite hostname="IFOCUS-PC35" failures="0" tests="1" name="API_VootKids_Sprint2.Watch_history" time="13.222" errors="0" timestamp="2 May 2018 13:02:21 GMT">
  <testcase classname="API_VootKids_Sprint2.Watch_history" name="Get_ChildProfiles" time="13.222"/>
</testsuite> <!-- API_VootKids_Sprint2.Watch_history -->
