<?xml version="1.0" encoding="UTF-8"?>
<!-- Generated by org.testng.reporters.JUnitReportReporter -->
<testsuite skipped="0" hostname="IFOCUSODC-PC47" name="AP1_Prod.Create_Prod" tests="1" failures="0" timestamp="29 Mar 2018 06:33:05 GMT" time="3.301" errors="0">
  <testcase name="createapi" time="3.301" classname="AP1_Prod.Create_Prod"/>
</testsuite> <!-- AP1_Prod.Create_Prod -->
