<?xml version="1.0" encoding="UTF-8"?>
<!-- Generated by org.testng.reporters.JUnitReportReporter -->
<testsuite hostname="IFOCUS-PC43" name="API_VootKids_Sprint2.Watch_history" tests="1" failures="0" timestamp="10 May 2018 10:32:07 GMT" time="13.040" errors="0">
  <testcase name="watch_history" time="13.040" classname="API_VootKids_Sprint2.Watch_history"/>
</testsuite> <!-- API_VootKids_Sprint2.Watch_history -->
