<?xml version="1.0" encoding="UTF-8"?>
<!-- Generated by org.testng.reporters.JUnitReportReporter -->
<testsuite hostname="IFOCUSODC-PC47" name="AP1_Prod.ChangePassword_Prod" tests="1" failures="0" timestamp="17 Apr 2018 11:48:13 GMT" time="23.068" errors="0">
  <testcase name="changePassword" time="23.068" classname="AP1_Prod.ChangePassword_Prod"/>
</testsuite> <!-- AP1_Prod.ChangePassword_Prod -->
