<?xml version="1.0" encoding="UTF-8"?>
<!-- Generated by org.testng.reporters.JUnitReportReporter -->
<testsuite skipped="0" hostname="IFOCUSODC-PC47" name="Mail.SendEmail" tests="1" failures="0" timestamp="29 Mar 2018 12:39:37 GMT" time="4.337" errors="0">
  <testcase name="SendMail" time="4.337" classname="Mail.SendEmail"/>
</testsuite> <!-- Mail.SendEmail -->
