<?xml version="1.0" encoding="UTF-8"?>
<!-- Generated by org.testng.reporters.JUnitReportReporter -->
<testsuite hostname="IFOCUSODC-PC47" name="API_VootKids.Login" tests="1" failures="0" timestamp="23 Apr 2018 11:32:38 GMT" time="21.126" errors="0">
  <testcase name="Login_Kids" time="21.126" classname="API_VootKids.Login"/>
</testsuite> <!-- API_VootKids.Login -->
