<?xml version="1.0" encoding="UTF-8"?>
<!-- Generated by org.testng.reporters.JUnitReportReporter -->
<testsuite hostname="IFOCUSODC-PC47" name="API_VootKids.ForgotPassword" tests="1" failures="0" timestamp="19 Apr 2018 14:16:49 GMT" time="8.598" errors="0">
  <testcase name="Forgot_Password" time="8.598" classname="API_VootKids.ForgotPassword"/>
</testsuite> <!-- API_VootKids.ForgotPassword -->
