<?xml version="1.0" encoding="UTF-8"?>
<!-- Generated by org.testng.reporters.JUnitReportReporter -->
<testsuite hostname="IFOCUS-PC43" name="API_VootKids_Sprint2.GetTrayMediaList" tests="1" failures="0" timestamp="11 May 2018 07:09:59 GMT" time="3.354" errors="0">
  <testcase name="gettraymedialist" time="3.354" classname="API_VootKids_Sprint2.GetTrayMediaList"/>
</testsuite> <!-- API_VootKids_Sprint2.GetTrayMediaList -->
