<?xml version="1.0" encoding="UTF-8"?>
<!-- Generated by org.testng.reporters.JUnitReportReporter -->
<testsuite hostname="IFOCUS-PC43" name="API_VootKids.Config" tests="1" failures="0" timestamp="3 May 2018 12:11:12 GMT" time="0.269" errors="0">
  <testcase name="config" time="0.269" classname="API_VootKids.Config"/>
</testsuite> <!-- API_VootKids.Config -->
