<?xml version="1.0" encoding="UTF-8"?>
<!-- Generated by org.testng.reporters.JUnitReportReporter -->
<testsuite hostname="IFOCUSODC-PC47" name="API_VootKids.CreatePin" tests="1" failures="0" timestamp="19 Apr 2018 18:36:30 GMT" time="8.107" errors="0">
  <testcase name="CreatePin" time="8.107" classname="API_VootKids.CreatePin"/>
</testsuite> <!-- API_VootKids.CreatePin -->
