<?xml version="1.0" encoding="UTF-8"?>
<!-- Generated by org.testng.reporters.JUnitReportReporter -->
<testsuite hostname="IFOCUSODC-PC47" name="API_VootKids.ResetPassword" tests="1" failures="0" timestamp="26 Apr 2018 17:15:30 GMT" time="10.348" errors="0">
  <testcase name="reset_Password" time="10.348" classname="API_VootKids.ResetPassword"/>
</testsuite> <!-- API_VootKids.ResetPassword -->
