<?xml version="1.0" encoding="UTF-8"?>
<!-- Generated by org.testng.reporters.JUnitReportReporter -->
<testsuite hostname="IFOCUSODC-PC47" name="API_VootKids.ForgotPin" tests="1" failures="0" timestamp="19 Apr 2018 16:33:52 GMT" time="7.509" errors="0">
  <testcase name="Forgot_Password" time="7.509" classname="API_VootKids.ForgotPin"/>
</testsuite> <!-- API_VootKids.ForgotPin -->
