<?xml version="1.0" encoding="UTF-8"?>
<!-- Generated by org.testng.reporters.JUnitReportReporter -->
<testsuite hostname="IFOCUS-PC43" name="API_VootKids.Login" tests="1" failures="0" timestamp="11 May 2018 10:25:30 GMT" time="21.504" errors="0">
  <testcase name="Login_Kids" time="21.504" classname="API_VootKids.Login"/>
</testsuite> <!-- API_VootKids.Login -->
