<?xml version="1.0" encoding="UTF-8"?>
<!-- Generated by org.testng.reporters.JUnitReportReporter -->
<testsuite hostname="IFOCUSODC-PC47" name="API_VootKids.ForgotPin" tests="1" failures="0" timestamp="23 Apr 2018 11:32:38 GMT" time="6.731" errors="0">
  <testcase name="Forgot_Pin" time="6.731" classname="API_VootKids.ForgotPin"/>
</testsuite> <!-- API_VootKids.ForgotPin -->
