<?xml version="1.0" encoding="UTF-8"?>
<!-- Generated by org.testng.reporters.JUnitReportReporter -->
<testsuite hostname="IFOCUSODC-PC47" name="AP1_Prod.ZSendMail" tests="1" failures="0" timestamp="12 Apr 2018 10:28:17 GMT" time="4.748" errors="0">
  <testcase name="SendMail" time="4.748" classname="AP1_Prod.ZSendMail"/>
</testsuite> <!-- AP1_Prod.ZSendMail -->
