<?xml version="1.0" encoding="UTF-8"?>
<!-- Generated by org.testng.reporters.JUnitReportReporter -->
<testsuite hostname="IFOCUSODC-PC47" name="API_VootKids.SocialLogin" tests="1" failures="0" timestamp="20 Apr 2018 12:03:40 GMT" time="13.013" errors="0">
  <testcase name="Social_Login" time="13.013" classname="API_VootKids.SocialLogin"/>
</testsuite> <!-- API_VootKids.SocialLogin -->
