<?xml version="1.0" encoding="UTF-8"?>
<!-- Generated by org.testng.reporters.JUnitReportReporter -->
<testsuite hostname="IFOCUS-PC43" name="API_VootKids_Sprint2.Watch" tests="1" failures="0" timestamp="10 May 2018 12:42:22 GMT" time="12.125" errors="0">
  <testcase name="watch" time="12.125" classname="API_VootKids_Sprint2.Watch"/>
</testsuite> <!-- API_VootKids_Sprint2.Watch -->
