<?xml version="1.0" encoding="UTF-8"?>
<!-- Generated by org.testng.reporters.JUnitReportReporter -->
<testsuite hostname="IFOCUS-PC43" name="API_VootKids.UpdateProfile" tests="1" failures="0" timestamp="3 May 2018 12:11:12 GMT" time="13.851" errors="0">
  <testcase name="SignUp_Kids" time="13.851" classname="API_VootKids.UpdateProfile"/>
</testsuite> <!-- API_VootKids.UpdateProfile -->
