<?xml version="1.0" encoding="UTF-8"?>
<!-- Generated by org.testng.reporters.JUnitReportReporter -->
<testsuite hostname="IFOCUSODC-PC47" name="API_VootKids.SignUp" tests="1" failures="0" timestamp="20 Apr 2018 11:42:19 GMT" time="36.706" errors="0">
  <testcase name="SignUp_Kids" time="36.706" classname="API_VootKids.SignUp"/>
</testsuite> <!-- API_VootKids.SignUp -->
