<?xml version="1.0" encoding="UTF-8"?>
<!-- Generated by org.testng.reporters.JUnitReportReporter -->
<testsuite hostname="IFOCUSODC-PC47" name="AP1_Prod.SendMail" tests="1" failures="0" timestamp="2 Apr 2018 16:06:34 GMT" time="4.144" errors="0">
  <testcase name="SendMail" time="4.144" classname="AP1_Prod.SendMail"/>
</testsuite> <!-- AP1_Prod.SendMail -->
