<?xml version="1.0" encoding="UTF-8"?>
<!-- Generated by org.testng.reporters.JUnitReportReporter -->
<testsuite skipped="0" hostname="IFOCUSODC-PC47" name="AP1V1.CheckMail_V1" tests="1" failures="0" timestamp="27 Mar 2018 13:44:27 GMT" time="5.759" errors="0">
  <testcase name="checkemail_V1" time="5.759" classname="AP1V1.CheckMail_V1"/>
</testsuite> <!-- AP1V1.CheckMail_V1 -->
