<?xml version="1.0" encoding="UTF-8"?>
<!-- Generated by org.testng.reporters.JUnitReportReporter -->
<testsuite skipped="0" hostname="IFOCUSODC-PC47" name="AP1_Prod.GetProfileUser_Prod" tests="1" failures="0" timestamp="29 Mar 2018 06:33:05 GMT" time="5.166" errors="0">
  <testcase name="getprofile_positive" time="5.166" classname="AP1_Prod.GetProfileUser_Prod"/>
</testsuite> <!-- AP1_Prod.GetProfileUser_Prod -->
