<?xml version="1.0" encoding="UTF-8"?>
<!-- Generated by org.testng.reporters.JUnitReportReporter -->
<testsuite hostname="IFOCUSODC-PC47" name="API_VootKids.Login" tests="1" failures="0" timestamp="27 Apr 2018 12:33:39 GMT" time="16.231" errors="0">
  <testcase name="Login_Kids" time="16.231" classname="API_VootKids.Login"/>
</testsuite> <!-- API_VootKids.Login -->
