<?xml version="1.0" encoding="UTF-8"?>
<!-- Generated by org.testng.reporters.JUnitReportReporter -->
<testsuite hostname="IFOCUSODC-PC47" name="AP1_Prod.GetProfileUser_Prod" tests="1" failures="0" timestamp="13 Apr 2018 11:32:34 GMT" time="4.534" errors="0">
  <testcase name="getprofile_positive" time="4.534" classname="AP1_Prod.GetProfileUser_Prod"/>
</testsuite> <!-- AP1_Prod.GetProfileUser_Prod -->
