<?xml version="1.0" encoding="UTF-8"?>
<!-- Generated by org.testng.reporters.JUnitReportReporter -->
<testsuite hostname="IFOCUSODC-PC47" name="AP1_Prod.ZSendMail" tests="1" failures="0" timestamp="17 Apr 2018 11:48:13 GMT" time="4.544" errors="0">
  <testcase name="SendMail" time="4.544" classname="AP1_Prod.ZSendMail"/>
</testsuite> <!-- AP1_Prod.ZSendMail -->
