<?xml version="1.0" encoding="UTF-8"?>
<!-- Generated by org.testng.reporters.JUnitReportReporter -->
<testsuite hostname="IFOCUS-PC43" failures="0" tests="1" name="API_VootKids_Sprint1.UpdateProfile" time="20.752" errors="0" timestamp="21 May 2018 10:53:25 GMT">
  <testcase classname="API_VootKids_Sprint1.UpdateProfile" name="update_Kids" time="20.752"/>
</testsuite> <!-- API_VootKids_Sprint1.UpdateProfile -->
