<?xml version="1.0" encoding="UTF-8"?>
<!-- Generated by org.testng.reporters.JUnitReportReporter -->
<testsuite hostname="IFOCUS-PC43" name="API_VootKids.Login" tests="1" failures="0" timestamp="3 May 2018 12:11:12 GMT" time="25.448" errors="0">
  <testcase name="Login_Kids" time="25.448" classname="API_VootKids.Login"/>
</testsuite> <!-- API_VootKids.Login -->
