<?xml version="1.0" encoding="UTF-8"?>
<!-- Generated by org.testng.reporters.JUnitReportReporter -->
<testsuite hostname="IFOCUS-PC43" name="API_VootKids.ForgotPin" tests="1" failures="0" timestamp="3 May 2018 12:11:12 GMT" time="6.479" errors="0">
  <testcase name="Forgot_Pin" time="6.479" classname="API_VootKids.ForgotPin"/>
</testsuite> <!-- API_VootKids.ForgotPin -->
