<?xml version="1.0" encoding="UTF-8"?>
<!-- Generated by org.testng.reporters.JUnitReportReporter -->
<testsuite hostname="IFOCUSODC-PC47" name="API_VootKids.SignUp" tests="1" failures="0" timestamp="26 Apr 2018 14:37:48 GMT" time="26.223" errors="0">
  <testcase name="SignUp_Kids" time="26.223" classname="API_VootKids.SignUp"/>
</testsuite> <!-- API_VootKids.SignUp -->
