<?xml version="1.0" encoding="UTF-8"?>
<!-- Generated by org.testng.reporters.JUnitReportReporter -->
<testsuite hostname="IFOCUS-PC43" name="API_VootKids.GetProfile" tests="1" failures="0" timestamp="3 May 2018 12:11:12 GMT" time="5.239" errors="0">
  <testcase name="Get_ChildProfiles" time="5.239" classname="API_VootKids.GetProfile"/>
</testsuite> <!-- API_VootKids.GetProfile -->
