<?xml version="1.0" encoding="UTF-8"?>
<!-- Generated by org.testng.reporters.JUnitReportReporter -->
<testsuite hostname="IFOCUS-PC43" name="API_VootKids.ForgotPassword" tests="1" failures="0" timestamp="3 May 2018 12:11:12 GMT" time="3.732" errors="0">
  <testcase name="Forgot_Password" time="3.732" classname="API_VootKids.ForgotPassword"/>
</testsuite> <!-- API_VootKids.ForgotPassword -->
