<?xml version="1.0" encoding="UTF-8"?>
<!-- Generated by org.testng.reporters.JUnitReportReporter -->
<testsuite hostname="IFOCUSODC-PC47" name="API_VootKids.SignUp" tests="1" failures="0" timestamp="23 Apr 2018 18:27:42 GMT" time="28.983" errors="0">
  <testcase name="SignUp_Kids" time="28.983" classname="API_VootKids.SignUp"/>
</testsuite> <!-- API_VootKids.SignUp -->
