<?xml version="1.0" encoding="UTF-8"?>
<!-- Generated by org.testng.reporters.JUnitReportReporter -->
<testsuite hostname="IFOCUSODC-PC47" name="API_VootKids.ForgotPassword" tests="1" failures="0" timestamp="26 Apr 2018 16:18:10 GMT" time="6.101" errors="0">
  <testcase name="Forgot_Password" time="6.101" classname="API_VootKids.ForgotPassword"/>
</testsuite> <!-- API_VootKids.ForgotPassword -->
