<?xml version="1.0" encoding="UTF-8"?>
<!-- Generated by org.testng.reporters.JUnitReportReporter -->
<testsuite hostname="IFOCUSODC-PC47" name="AP1_Prod.Authentication_Prod" tests="3" failures="0" timestamp="18 Apr 2018 12:30:16 GMT" time="20.045" errors="0">
  <testcase name="Authentication_Traditional" time="6.427" classname="AP1_Prod.Authentication_Prod"/>
  <testcase name="Authentication_Traditional" time="6.739" classname="AP1_Prod.Authentication_Prod"/>
  <testcase name="Authentication_Traditional" time="6.879" classname="AP1_Prod.Authentication_Prod"/>
</testsuite> <!-- AP1_Prod.Authentication_Prod -->
