<?xml version="1.0" encoding="UTF-8"?>
<!-- Generated by org.testng.reporters.JUnitReportReporter -->
<<<<<<< HEAD
<testsuite hostname="IFOCUS-PC43" name="API_VootKids_Sprint2.Watch_history" tests="1" failures="0" timestamp="3 May 2018 05:07:12 GMT" time="3.613" errors="1">
  <testcase name="Get_ChildProfiles" time="3.613" classname="API_VootKids_Sprint2.Watch_history">
    <error type="java.lang.ClassCastException" message="java.lang.Integer cannot be cast to java.lang.String">
      <![CDATA[java.lang.ClassCastException: java.lang.Integer cannot be cast to java.lang.String
	at API_VootKids_Sprint2.Watch_history.Get_ChildProfiles(Watch_history.java:118)
	at sun.reflect.NativeMethodAccessorImpl.invoke0(Native Method)
	at sun.reflect.NativeMethodAccessorImpl.invoke(Unknown Source)
	at sun.reflect.DelegatingMethodAccessorImpl.invoke(Unknown Source)
	at java.lang.reflect.Method.invoke(Unknown Source)
=======
<testsuite hostname="IFOCUS-PC35" failures="0" tests="1" name="API_VootKids_Sprint2.Watch_history" time="4.207" errors="1" timestamp="3 May 2018 05:05:39 GMT">
  <testcase classname="API_VootKids_Sprint2.Watch_history" name="Get_ChildProfiles" time="4.207">
    <error message="java.base/java.lang.Integer cannot be cast to java.base/java.lang.String" type="java.lang.ClassCastException">
      <![CDATA[java.lang.ClassCastException: java.base/java.lang.Integer cannot be cast to java.base/java.lang.String
	at API_VootKids_Sprint2.Watch_history.Get_ChildProfiles(Watch_history.java:118)
	at java.base/jdk.internal.reflect.NativeMethodAccessorImpl.invoke0(Native Method)
	at java.base/jdk.internal.reflect.NativeMethodAccessorImpl.invoke(Unknown Source)
	at java.base/jdk.internal.reflect.DelegatingMethodAccessorImpl.invoke(Unknown Source)
	at java.base/java.lang.reflect.Method.invoke(Unknown Source)
>>>>>>> branch 'master' of https://github.com/vishnu93tr/IfocusAPIAutomationwithEmail.git
	at org.testng.internal.MethodInvocationHelper.invokeMethod(MethodInvocationHelper.java:86)
	at org.testng.internal.Invoker.invokeMethod(Invoker.java:643)
	at org.testng.internal.Invoker.invokeTestMethod(Invoker.java:820)
	at org.testng.internal.Invoker.invokeTestMethods(Invoker.java:1128)
	at org.testng.internal.TestMethodWorker.invokeTestMethods(TestMethodWorker.java:129)
	at org.testng.internal.TestMethodWorker.run(TestMethodWorker.java:112)
	at org.testng.TestRunner.privateRun(TestRunner.java:782)
	at org.testng.TestRunner.run(TestRunner.java:632)
	at org.testng.SuiteRunner.runTest(SuiteRunner.java:366)
	at org.testng.SuiteRunner.runSequentially(SuiteRunner.java:361)
	at org.testng.SuiteRunner.privateRun(SuiteRunner.java:319)
	at org.testng.SuiteRunner.run(SuiteRunner.java:268)
	at org.testng.SuiteRunnerWorker.runSuite(SuiteRunnerWorker.java:52)
	at org.testng.SuiteRunnerWorker.run(SuiteRunnerWorker.java:86)
	at org.testng.TestNG.runSuitesSequentially(TestNG.java:1244)
	at org.testng.TestNG.runSuitesLocally(TestNG.java:1169)
	at org.testng.TestNG.run(TestNG.java:1064)
	at org.testng.remote.AbstractRemoteTestNG.run(AbstractRemoteTestNG.java:114)
	at org.testng.remote.RemoteTestNG.initAndRun(RemoteTestNG.java:251)
	at org.testng.remote.RemoteTestNG.main(RemoteTestNG.java:77)
]]>
    </error>
  </testcase> <!-- Get_ChildProfiles -->
</testsuite> <!-- API_VootKids_Sprint2.Watch_history -->
