<?xml version="1.0" encoding="UTF-8"?>
<!-- Generated by org.testng.reporters.JUnitReportReporter -->
<testsuite hostname="IFOCUSODC-PC47" name="API_VootKids.CreatePin" tests="1" failures="0" timestamp="27 Apr 2018 17:30:09 GMT" time="43.401" errors="0">
  <testcase name="CreatePin1" time="43.401" classname="API_VootKids.CreatePin"/>
</testsuite> <!-- API_VootKids.CreatePin -->
