<?xml version="1.0" encoding="UTF-8"?>
<!-- Generated by org.testng.reporters.JUnitReportReporter -->
<testsuite skipped="0" hostname="IFOCUSODC-PC47" name="AP1_Prod.SendEmail" tests="1" failures="0" timestamp="29 Mar 2018 06:17:42 GMT" time="5.046" errors="0">
  <testcase name="SendMail" time="5.046" classname="AP1_Prod.SendEmail"/>
</testsuite> <!-- AP1_Prod.SendEmail -->
