<?xml version="1.0" encoding="UTF-8"?>
<!-- Generated by org.testng.reporters.JUnitReportReporter -->
<testsuite hostname="IFOCUSODC-PC47" name="API_VootKids.GetChildProfiles" tests="1" failures="0" timestamp="20 Apr 2018 10:30:57 GMT" time="8.852" errors="0">
  <testcase name="Get_ChildProfiles" time="8.852" classname="API_VootKids.GetChildProfiles"/>
</testsuite> <!-- API_VootKids.GetChildProfiles -->
