<?xml version="1.0" encoding="UTF-8"?>
<!-- Generated by org.testng.reporters.JUnitReportReporter -->
<testsuite hostname="IFOCUSODC-PC47" name="AP1_Prod.EditUser_Prod" tests="1" failures="0" timestamp="13 Apr 2018 10:55:15 GMT" time="5.081" errors="0">
  <testcase name="edituser" time="5.081" classname="AP1_Prod.EditUser_Prod"/>
</testsuite> <!-- AP1_Prod.EditUser_Prod -->
