<?xml version="1.0" encoding="UTF-8"?>
<!-- Generated by org.testng.reporters.JUnitReportReporter -->
<testsuite hostname="IFOCUS-PC43" name="API_VootKids_Sprint2.Watch" tests="1" failures="0" timestamp="11 May 2018 07:09:59 GMT" time="9.922" errors="0">
  <testcase name="watch" time="9.922" classname="API_VootKids_Sprint2.Watch"/>
</testsuite> <!-- API_VootKids_Sprint2.Watch -->
