<?xml version="1.0" encoding="UTF-8"?>
<!-- Generated by org.testng.reporters.JUnitReportReporter -->
<testsuite hostname="IFOCUSODC-PC47" name="API_VootKids.Login" tests="1" failures="0" timestamp="30 Apr 2018 12:03:23 GMT" time="19.081" errors="0">
  <testcase name="Login_Kids" time="19.081" classname="API_VootKids.Login"/>
</testsuite> <!-- API_VootKids.Login -->
