<?xml version="1.0" encoding="UTF-8"?>
<!-- Generated by org.testng.reporters.JUnitReportReporter -->
<testsuite hostname="IFOCUS-PC43" name="API_VootKids.ResetPassword" tests="1" failures="0" timestamp="3 May 2018 12:11:12 GMT" time="8.044" errors="0">
  <testcase name="reset_Password" time="8.044" classname="API_VootKids.ResetPassword"/>
</testsuite> <!-- API_VootKids.ResetPassword -->
