<?xml version="1.0" encoding="UTF-8"?>
<!-- Generated by org.testng.reporters.JUnitReportReporter -->
<testsuite skipped="0" hostname="IFOCUSODC-PC47" name="AP1V1.GetAuthKey_Prod" tests="1" failures="0" timestamp="27 Mar 2018 14:10:30 GMT" time="5.776" errors="0">
  <testcase name="getauthkey_positive" time="5.776" classname="AP1V1.GetAuthKey_Prod"/>
</testsuite> <!-- AP1V1.GetAuthKey_Prod -->
