<?xml version="1.0" encoding="UTF-8"?>
<!-- Generated by org.testng.reporters.JUnitReportReporter -->
<testsuite hostname="IFOCUSODC-PC47" name="API_VootKids.Login" tests="1" failures="0" timestamp="26 Apr 2018 14:55:26 GMT" time="23.666" errors="0">
  <testcase name="Login_Kids" time="23.666" classname="API_VootKids.Login"/>
</testsuite> <!-- API_VootKids.Login -->
