<?xml version="1.0" encoding="UTF-8"?>
<!-- Generated by org.testng.reporters.JUnitReportReporter -->
<testsuite hostname="IFOCUSODC-PC47" name="AP1_Prod.GetProfileUser_Prod" tests="3" failures="0" timestamp="18 Apr 2018 12:30:16 GMT" time="9.551" errors="0">
  <testcase name="getprofile_SocialLogin" time="3.004" classname="AP1_Prod.GetProfileUser_Prod"/>
  <testcase name="getprofile_SocialLogin" time="3.043" classname="AP1_Prod.GetProfileUser_Prod"/>
  <testcase name="getprofile_SocialLogin" time="3.504" classname="AP1_Prod.GetProfileUser_Prod"/>
</testsuite> <!-- AP1_Prod.GetProfileUser_Prod -->
