<?xml version="1.0" encoding="UTF-8"?>
<!-- Generated by org.testng.reporters.JUnitReportReporter -->
<testsuite hostname="IFOCUSODC-PC47" name="API_VootKids.Config" tests="1" failures="0" timestamp="23 Apr 2018 11:32:38 GMT" time="0.389" errors="0">
  <testcase name="config" time="0.389" classname="API_VootKids.Config"/>
</testsuite> <!-- API_VootKids.Config -->
