<?xml version="1.0" encoding="UTF-8"?>
<!-- Generated by org.testng.reporters.JUnitReportReporter -->
<testsuite hostname="IFOCUS-PC43" name="API_VootKids.Config" tests="1" failures="0" timestamp="11 May 2018 10:16:15 GMT" time="2.663" errors="0">
  <testcase name="config" time="2.663" classname="API_VootKids.Config"/>
</testsuite> <!-- API_VootKids.Config -->
