<?xml version="1.0" encoding="UTF-8"?>
<!-- Generated by org.testng.reporters.JUnitReportReporter -->
<testsuite hostname="IFOCUSODC-PC47" name="API_VootKids.Config" tests="1" failures="0" timestamp="27 Apr 2018 17:01:55 GMT" time="1.798" errors="0">
  <testcase name="config" time="1.798" classname="API_VootKids.Config"/>
</testsuite> <!-- API_VootKids.Config -->
