<?xml version="1.0" encoding="UTF-8"?>
<!-- Generated by org.testng.reporters.JUnitReportReporter -->
<testsuite hostname="IFOCUSODC-PC47" name="API_VootKids.UpdateProfile" tests="1" failures="0" timestamp="20 Apr 2018 17:20:02 GMT" time="30.851" errors="0">
  <testcase name="SignUp_Kids" time="30.851" classname="API_VootKids.UpdateProfile"/>
</testsuite> <!-- API_VootKids.UpdateProfile -->
