<?xml version="1.0" encoding="UTF-8"?>
<!-- Generated by org.testng.reporters.JUnitReportReporter -->
<testsuite hostname="IFOCUSODC-PC47" name="API_VootKids.GetChildProfiles" tests="1" failures="0" timestamp="23 Apr 2018 11:32:38 GMT" time="6.737" errors="0">
  <testcase name="Get_ChildProfiles" time="6.737" classname="API_VootKids.GetChildProfiles"/>
</testsuite> <!-- API_VootKids.GetChildProfiles -->
