<?xml version="1.0" encoding="UTF-8"?>
<!-- Generated by org.testng.reporters.JUnitReportReporter -->
<testsuite hostname="IFOCUS-PC43" name="API_VootKids.CreateProfile" tests="1" failures="0" timestamp="3 May 2018 12:11:12 GMT" time="207.622" errors="0">
  <testcase name="Create_Profiles" time="207.622" classname="API_VootKids.CreateProfile"/>
</testsuite> <!-- API_VootKids.CreateProfile -->
