<?xml version="1.0" encoding="UTF-8"?>
<!-- Generated by org.testng.reporters.JUnitReportReporter -->
<testsuite hostname="IFOCUSODC-PC47" name="API_VootKids.ForgotPin" tests="1" failures="0" timestamp="26 Apr 2018 17:19:02 GMT" time="6.279" errors="0">
  <testcase name="Forgot_Pin" time="6.279" classname="API_VootKids.ForgotPin"/>
</testsuite> <!-- API_VootKids.ForgotPin -->
