<?xml version="1.0" encoding="UTF-8"?>
<!-- Generated by org.testng.reporters.JUnitReportReporter -->
<testsuite hostname="IFOCUSODC-PC47" name="API_VootKids.ForgotPin" tests="1" failures="0" timestamp="30 Apr 2018 12:03:23 GMT" time="5.408" errors="0">
  <testcase name="Forgot_Pin" time="5.408" classname="API_VootKids.ForgotPin"/>
</testsuite> <!-- API_VootKids.ForgotPin -->
