<?xml version="1.0" encoding="UTF-8"?>
<!-- Generated by org.testng.reporters.JUnitReportReporter -->
<testsuite skipped="0" hostname="IFOCUSODC-PC47" name="AP1V1.EditUser_Prod" tests="1" failures="0" timestamp="27 Mar 2018 14:34:21 GMT" time="5.504" errors="0">
  <testcase name="edituser" time="5.504" classname="AP1V1.EditUser_Prod"/>
</testsuite> <!-- AP1V1.EditUser_Prod -->
