<?xml version="1.0" encoding="UTF-8"?>
<!-- Generated by org.testng.reporters.JUnitReportReporter -->
<testsuite hostname="IFOCUS-PC43" failures="0" tests="1" name="API_VootKids_Sprint1.GetProfile" time="5.131" errors="0" timestamp="21 May 2018 05:50:51 GMT">
  <testcase classname="API_VootKids_Sprint1.GetProfile" name="Get_ChildProfiles" time="5.131"/>
</testsuite> <!-- API_VootKids_Sprint1.GetProfile -->
