<?xml version="1.0" encoding="UTF-8"?>
<!-- Generated by org.testng.reporters.JUnitReportReporter -->
<testsuite hostname="IFOCUS-PC35" failures="0" tests="1" name="API_VootKids.GetProfile" time="8.291" errors="0" timestamp="2 May 2018 11:31:37 GMT">
  <testcase classname="API_VootKids.GetProfile" name="Get_ChildProfiles" time="8.291"/>
</testsuite> <!-- API_VootKids.GetProfile -->
