<?xml version="1.0" encoding="UTF-8"?>
<!-- Generated by org.testng.reporters.JUnitReportReporter -->
<testsuite hostname="IFOCUSODC-PC47" name="API_VootKids.SocialLogin" tests="1" failures="0" timestamp="23 Apr 2018 11:32:38 GMT" time="12.005" errors="0">
  <testcase name="Social_Login" time="12.005" classname="API_VootKids.SocialLogin"/>
</testsuite> <!-- API_VootKids.SocialLogin -->
