<?xml version="1.0" encoding="UTF-8"?>
<!-- Generated by org.testng.reporters.JUnitReportReporter -->
<testsuite hostname="IFOCUSODC-PC47" name="API_VootKids.SwitchProfile" tests="1" failures="0" timestamp="19 Apr 2018 19:01:50 GMT" time="13.049" errors="0">
  <testcase name="Swith_Profile" time="13.049" classname="API_VootKids.SwitchProfile"/>
</testsuite> <!-- API_VootKids.SwitchProfile -->
