<?xml version="1.0" encoding="UTF-8"?>
<!-- Generated by org.testng.reporters.JUnitReportReporter -->
<testsuite hostname="IFOCUSODC-PC47" name="API_VKids.UpdateProfile" tests="1" failures="0" timestamp="16 Apr 2018 18:25:03 GMT" time="1.912" errors="0">
  <testcase name="UpProfile" time="1.912" classname="API_VKids.UpdateProfile"/>
</testsuite> <!-- API_VKids.UpdateProfile -->
