<?xml version="1.0" encoding="UTF-8"?>
<!-- Generated by org.testng.reporters.JUnitReportReporter -->
<testsuite skipped="0" hostname="IFOCUSODC-PC47" name="AP1V1.Authentication_V1" tests="1" failures="0" timestamp="27 Mar 2018 11:57:10 GMT" time="4.130" errors="0">
  <testcase name="authentication_positive" time="4.130" classname="AP1V1.Authentication_V1"/>
</testsuite> <!-- AP1V1.Authentication_V1 -->
