<?xml version="1.0" encoding="UTF-8"?>
<!-- Generated by org.testng.reporters.JUnitReportReporter -->
<testsuite hostname="IFOCUS-PC43" name="API_VootKids_Sprint2.Channel" tests="1" failures="0" timestamp="11 May 2018 07:09:59 GMT" time="7.404" errors="0">
  <testcase name="Channels_kidsPage" time="7.404" classname="API_VootKids_Sprint2.Channel"/>
</testsuite> <!-- API_VootKids_Sprint2.Channel -->
