<?xml version="1.0" encoding="UTF-8"?>
<!-- Generated by org.testng.reporters.JUnitReportReporter -->
<testsuite hostname="IFOCUS-PC43" name="API_VootKids_Sprint2.Channel" tests="1" failures="0" timestamp="14 May 2018 13:25:20 GMT" time="4.785" errors="0">
  <testcase name="Channels_kidsPage" time="4.785" classname="API_VootKids_Sprint2.Channel"/>
</testsuite> <!-- API_VootKids_Sprint2.Channel -->
