<?xml version="1.0" encoding="UTF-8"?>
<!-- Generated by org.testng.reporters.JUnitReportReporter -->
<testsuite hostname="IFOCUSODC-PC47" name="API_VootKids.ResetPassword" tests="1" failures="0" timestamp="27 Apr 2018 12:33:39 GMT" time="8.148" errors="0">
  <testcase name="reset_Password" time="8.148" classname="API_VootKids.ResetPassword"/>
</testsuite> <!-- API_VootKids.ResetPassword -->
