<?xml version="1.0" encoding="UTF-8"?>
<!-- Generated by org.testng.reporters.JUnitReportReporter -->
<testsuite hostname="IFOCUSODC-PC47" name="AP1_Prod.KUserLogin_Prod" tests="3" failures="0" timestamp="18 Apr 2018 12:30:16 GMT" time="8.327" errors="0">
  <testcase name="kuserlogin_SocialLogin" time="2.438" classname="AP1_Prod.KUserLogin_Prod"/>
  <testcase name="kuserlogin_SocialLogin" time="3.126" classname="AP1_Prod.KUserLogin_Prod"/>
  <testcase name="kuserlogin_SocialLogin" time="2.763" classname="AP1_Prod.KUserLogin_Prod"/>
</testsuite> <!-- AP1_Prod.KUserLogin_Prod -->
