<?xml version="1.0" encoding="UTF-8"?>
<!-- Generated by org.testng.reporters.JUnitReportReporter -->
<testsuite hostname="IFOCUSODC-PC47" name="API_VootKids.Login" tests="1" failures="0" timestamp="19 Apr 2018 13:27:34 GMT" time="8.033" errors="0">
  <testcase name="Login_Kids" time="8.033" classname="API_VootKids.Login"/>
</testsuite> <!-- API_VootKids.Login -->
