<?xml version="1.0" encoding="UTF-8"?>
<!-- Generated by org.testng.reporters.JUnitReportReporter -->
<testsuite hostname="IFOCUSODC-PC47" name="API_VootKids.Config" tests="1" failures="0" timestamp="30 Apr 2018 12:03:23 GMT" time="1.836" errors="0">
  <testcase name="config" time="1.836" classname="API_VootKids.Config"/>
</testsuite> <!-- API_VootKids.Config -->
