<?xml version="1.0" encoding="UTF-8"?>
<!-- Generated by org.testng.reporters.JUnitReportReporter -->
<testsuite hostname="IFOCUS-PC43" name="API_VootKids.SwitchProfile" tests="1" failures="0" timestamp="3 May 2018 12:11:12 GMT" time="19.101" errors="0">
  <testcase name="Swith_Profile" time="19.101" classname="API_VootKids.SwitchProfile"/>
</testsuite> <!-- API_VootKids.SwitchProfile -->
