<?xml version="1.0" encoding="UTF-8"?>
<!-- Generated by org.testng.reporters.JUnitReportReporter -->
<testsuite skipped="0" hostname="IFOCUSODC-PC47" name="AP1_Prod.GetAuthKey_Prod" tests="1" failures="0" timestamp="29 Mar 2018 06:33:05 GMT" time="4.526" errors="0">
  <testcase name="getauthkey_positive" time="4.526" classname="AP1_Prod.GetAuthKey_Prod"/>
</testsuite> <!-- AP1_Prod.GetAuthKey_Prod -->
