<?xml version="1.0" encoding="UTF-8"?>
<!-- Generated by org.testng.reporters.JUnitReportReporter -->
<testsuite hostname="IFOCUSODC-PC47" name="API_VootKids.SocialLogin" tests="1" failures="0" timestamp="26 Apr 2018 16:16:31 GMT" time="17.909" errors="0">
  <testcase name="Social_Login" time="17.909" classname="API_VootKids.SocialLogin"/>
</testsuite> <!-- API_VootKids.SocialLogin -->
