<?xml version="1.0" encoding="UTF-8"?>
<!-- Generated by org.testng.reporters.JUnitReportReporter -->
<testsuite hostname="IFOCUS-PC43" name="API_VootKids_Sprint2.Channel" tests="1" failures="0" timestamp="15 May 2018 07:10:54 GMT" time="10.990" errors="0">
  <testcase name="Channels_kidsPage" time="10.990" classname="API_VootKids_Sprint2.Channel"/>
</testsuite> <!-- API_VootKids_Sprint2.Channel -->
