<?xml version="1.0" encoding="UTF-8"?>
<!-- Generated by org.testng.reporters.JUnitReportReporter -->
<testsuite hostname="IFOCUSODC-PC47" name="API_VootKids.Tabs" tests="1" failures="0" timestamp="20 Apr 2018 19:23:31 GMT" time="2.117" errors="0">
  <testcase name="tabs" time="2.117" classname="API_VootKids.Tabs"/>
</testsuite> <!-- API_VootKids.Tabs -->
