<?xml version="1.0" encoding="UTF-8"?>
<!-- Generated by org.testng.reporters.JUnitReportReporter -->
<testsuite hostname="IFOCUSODC-PC47" name="AP1_Prod.Create_Prod" tests="1" failures="0" timestamp="17 Apr 2018 11:48:13 GMT" time="8.360" errors="0">
  <testcase name="create_new" time="8.360" classname="AP1_Prod.Create_Prod"/>
</testsuite> <!-- AP1_Prod.Create_Prod -->
