<?xml version="1.0" encoding="UTF-8"?>
<!-- Generated by org.testng.reporters.JUnitReportReporter -->
<testsuite hostname="IFOCUS-PC43" name="API_VootKids.GetProfile" tests="1" failures="0" timestamp="11 May 2018 09:47:14 GMT" time="4.453" errors="0">
  <testcase name="Get_ChildProfiles" time="4.453" classname="API_VootKids.GetProfile"/>
</testsuite> <!-- API_VootKids.GetProfile -->
