<?xml version="1.0" encoding="UTF-8"?>
<!-- Generated by org.testng.reporters.JUnitReportReporter -->
<testsuite hostname="IFOCUS-PC43" failures="1" tests="1" name="API_VootKids_Sprint1.CreateProfile" time="302.149" errors="0" timestamp="21 May 2018 10:34:04 GMT">
  <testcase classname="API_VootKids_Sprint1.CreateProfile" name="Create_Profiles" time="302.149">
    <failure message="The following asserts failed:
	expected [Unable to get household details from Kaltura] but found [Invalid KS format],
	expected [Unable to get household details from Kaltura] but found [Invalid KS format],
	expected [The profile.buddy.icon may only contain letters and numbers.] but found [OK],
	expected [OK] but found [Please enter a valid buddy color.],
	expected [The profile.buddy.color must be 6 characters.] but found [Please enter a valid buddy color.],
	expected [The profile.buddy.color must be 6 characters.] but found [Please enter a valid buddy color.],
	expected [The profile.buddy.color may only contain letters and numbers., The profile.buddy.color must be 6 characters.] but found [Please enter a valid buddy color.],
	expected [Unable to get profile information from Kaltura] but found [Profile creation limit reached. Max 6 profiles creation is allowed]" type="java.lang.AssertionError">
      <![CDATA[java.lang.AssertionError: The following asserts failed:
	expected [Unable to get household details from Kaltura] but found [Invalid KS format],
	expected [Unable to get household details from Kaltura] but found [Invalid KS format],
	expected [The profile.buddy.icon may only contain letters and numbers.] but found [OK],
	expected [OK] but found [Please enter a valid buddy color.],
	expected [The profile.buddy.color must be 6 characters.] but found [Please enter a valid buddy color.],
	expected [The profile.buddy.color must be 6 characters.] but found [Please enter a valid buddy color.],
	expected [The profile.buddy.color may only contain letters and numbers., The profile.buddy.color must be 6 characters.] but found [Please enter a valid buddy color.],
	expected [Unable to get profile information from Kaltura] but found [Profile creation limit reached. Max 6 profiles creation is allowed]
	at org.testng.asserts.SoftAssert.assertAll(SoftAssert.java:43)
	at API_VootKids_Sprint1.CreateProfile.Create_Profiles(CreateProfile.java:313)
	at java.base/jdk.internal.reflect.NativeMethodAccessorImpl.invoke0(Native Method)
	at java.base/jdk.internal.reflect.NativeMethodAccessorImpl.invoke(Unknown Source)
	at java.base/jdk.internal.reflect.DelegatingMethodAccessorImpl.invoke(Unknown Source)
	at java.base/java.lang.reflect.Method.invoke(Unknown Source)
	at org.testng.internal.MethodInvocationHelper.invokeMethod(MethodInvocationHelper.java:86)
	at org.testng.internal.Invoker.invokeMethod(Invoker.java:643)
	at org.testng.internal.Invoker.invokeTestMethod(Invoker.java:820)
	at org.testng.internal.Invoker.invokeTestMethods(Invoker.java:1128)
	at org.testng.internal.TestMethodWorker.invokeTestMethods(TestMethodWorker.java:129)
	at org.testng.internal.TestMethodWorker.run(TestMethodWorker.java:112)
	at org.testng.TestRunner.privateRun(TestRunner.java:782)
	at org.testng.TestRunner.run(TestRunner.java:632)
	at org.testng.SuiteRunner.runTest(SuiteRunner.java:366)
	at org.testng.SuiteRunner.runSequentially(SuiteRunner.java:361)
	at org.testng.SuiteRunner.privateRun(SuiteRunner.java:319)
	at org.testng.SuiteRunner.run(SuiteRunner.java:268)
	at org.testng.SuiteRunnerWorker.runSuite(SuiteRunnerWorker.java:52)
	at org.testng.SuiteRunnerWorker.run(SuiteRunnerWorker.java:86)
	at org.testng.TestNG.runSuitesSequentially(TestNG.java:1244)
	at org.testng.TestNG.runSuitesLocally(TestNG.java:1169)
	at org.testng.TestNG.run(TestNG.java:1064)
	at org.testng.remote.AbstractRemoteTestNG.run(AbstractRemoteTestNG.java:114)
	at org.testng.remote.RemoteTestNG.initAndRun(RemoteTestNG.java:251)
	at org.testng.remote.RemoteTestNG.main(RemoteTestNG.java:77)
]]>
    </failure>
  </testcase> <!-- Create_Profiles -->
</testsuite> <!-- API_VootKids_Sprint1.CreateProfile -->
